<?xml version="1.0" encoding="UTF-8"?>
<testsuite xmlns:xsi="http://www.w3.org/2001/XMLSchema-instance" xsi:noNamespaceSchemaLocation="https://maven.apache.org/surefire/maven-surefire-plugin/xsd/surefire-test-report.xsd" version="3.0.2" name="com.management.webSockets.WebSocketsApplicationTests" time="3.104" tests="1" errors="0" skipped="0" failures="0">
  <properties>
[...]
</properties>
  <testcase name="contextLoads" classname="com.management.webSockets.WebSocketsApplicationTests" time="0.227">
    <system-out><![CDATA[15:29:33.265 [main] INFO org.springframework.test.context.support.AnnotationConfigContextLoaderUtils -- Could not detect default configuration classes for test class [com.management.webSockets.WebSocketsApplicationTests]: WebSocketsApplicationTests does not declare any static, non-private, non-final, nested classes annotated with @Configuration.
15:29:33.330 [main] INFO org.springframework.boot.test.context.SpringBootTestContextBootstrapper -- Found @SpringBootConfiguration com.management.webSockets.WebSocketsApplication for test class com.management.webSockets.WebSocketsApplicationTests
15:29:33.414 [main] INFO org.springframework.boot.devtools.restart.RestartApplicationListener -- Restart disabled due to context in which it is running

  .   ____          _            __ _ _
 /\\ / ___'_ __ _ _(_)_ __  __ _ \ \ \ \
( ( )\___ | '_ | '_| | '_ \/ _` | \ \ \ \
 \\/  ___)| |_)| | | | | || (_| |  ) ) ) )
  '  |____| .__|_| |_|_| |_\__, | / / / /
 =========|_|==============|___/=/_/_/_/

 :: Spring Boot ::                (v3.5.7)

2025-11-10T15:29:33.597+01:00  INFO 17592 --- [webSockets] [           main] c.m.w.WebSocketsApplicationTests         : Starting WebSocketsApplicationTests using Java 24.0.1 with PID 17592 (started by Khadeer in D:\Java_Projects\webSockets)
2025-11-10T15:29:33.598+01:00  INFO 17592 --- [webSockets] [           main] c.m.w.WebSocketsApplicationTests         : The following 1 profile is active: "dev"
2025-11-10T15:29:33.612+01:00 DEBUG 17592 --- [webSockets] [           main] o.s.w.c.s.GenericWebApplicationContext   : Refreshing org.springframework.web.context.support.GenericWebApplicationContext@74a9c4b0
2025-11-10T15:29:34.132+01:00  INFO 17592 --- [webSockets] [           main] .s.d.r.c.RepositoryConfigurationDelegate : Bootstrapping Spring Data JPA repositories in DEFAULT mode.
2025-11-10T15:29:34.148+01:00  INFO 17592 --- [webSockets] [           main] .s.d.r.c.RepositoryConfigurationDelegate : Finished Spring Data repository scanning in 9 ms. Found 0 JPA repository interfaces.
2025-11-10T15:29:34.707+01:00  INFO 17592 --- [webSockets] [           main] o.s.o.j.p.SpringPersistenceUnitInfo      : No LoadTimeWeaver setup: ignoring JPA class transformer
2025-11-10T15:29:34.727+01:00  INFO 17592 --- [webSockets] [           main] com.zaxxer.hikari.HikariDataSource       : websockets_db - Starting...
2025-11-10T15:29:34.962+01:00  INFO 17592 --- [webSockets] [           main] com.zaxxer.hikari.pool.HikariPool        : websockets_db - Added connection com.mysql.cj.jdbc.ConnectionImpl@7c9ea1d0
2025-11-10T15:29:34.962+01:00  INFO 17592 --- [webSockets] [           main] com.zaxxer.hikari.HikariDataSource       : websockets_db - Start completed.
2025-11-10T15:29:35.136+01:00  INFO 17592 --- [webSockets] [           main] j.LocalContainerEntityManagerFactoryBean : Initialized JPA EntityManagerFactory for persistence unit 'default'
2025-11-10T15:29:35.289+01:00 DEBUG 17592 --- [webSockets] [           main] o.s.w.s.s.s.WebSocketHandlerMapping      : Patterns [/ws/**] in 'stompWebSocketHandlerMapping'
2025-11-10T15:29:35.344+01:00  WARN 17592 --- [webSockets] [           main] JpaBaseConfiguration$JpaWebConfiguration : spring.jpa.open-in-view is enabled by default. Therefore, database queries may be performed during view rendering. Explicitly configure spring.jpa.open-in-view to disable this warning
2025-11-10T15:29:35.400+01:00 DEBUG 17592 --- [webSockets] [           main] .WebSocketAnnotationMethodMessageHandler : 
	c.m.w.C.ChatController:
	{[MESSAGE],[/chat.sendMessage]}: sendMessage(ChatMessage)
	{[MESSAGE],[/chat.addUser]}: addUser(ChatMessage,SimpMessageHeaderAccessor)
2025-11-10T15:29:35.408+01:00 DEBUG 17592 --- [webSockets] [           main] .WebSocketAnnotationMethodMessageHandler : 
	o.s.b.a.w.s.e.BasicErrorController:
	
2025-11-10T15:29:35.579+01:00 DEBUG 17592 --- [webSockets] [           main] s.w.s.m.m.a.RequestMappingHandlerMapping : 3 mappings in 'requestMappingHandlerMapping'
2025-11-10T15:29:35.617+01:00 DEBUG 17592 --- [webSockets] [           main] o.s.w.s.handler.SimpleUrlHandlerMapping  : Patterns [/webjars/**, /**] in 'resourceHandlerMapping'
2025-11-10T15:29:35.630+01:00 DEBUG 17592 --- [webSockets] [           main] s.w.s.m.m.a.RequestMappingHandlerAdapter : ControllerAdvice beans: 0 @ModelAttribute, 0 @InitBinder, 1 RequestBodyAdvice, 1 ResponseBodyAdvice
2025-11-10T15:29:35.662+01:00  WARN 17592 --- [webSockets] [           main] o.thymeleaf.templatemode.TemplateMode    : [THYMELEAF][main] Unknown Template Mode 'HTML5'. Must be one of: 'HTML', 'XML', 'TEXT', 'JAVASCRIPT', 'CSS', 'RAW'. Using default Template Mode 'HTML'.
2025-11-10T15:29:35.683+01:00 DEBUG 17592 --- [webSockets] [           main] .m.m.a.ExceptionHandlerExceptionResolver : ControllerAdvice beans: 1 @ExceptionHandler, 1 ResponseBodyAdvice
2025-11-10T15:29:35.930+01:00  INFO 17592 --- [webSockets] [           main] o.s.b.a.e.web.EndpointLinksResolver      : Exposing 1 endpoint beneath base path '/actuator'
2025-11-10T15:29:35.993+01:00 DEBUG 17592 --- [webSockets] [           main] org.springframework.web.SimpLogging      : clientOutboundChannel added SubProtocolWebSocketHandler[StompSubProtocolHandler[v10.stomp, v11.stomp, v12.stomp]]
2025-11-10T15:29:35.993+01:00 DEBUG 17592 --- [webSockets] [           main] org.springframework.web.SimpLogging      : clientInboundChannel added WebSocketAnnotationMethodMessageHandler[prefixes=[/app/]]
2025-11-10T15:29:35.993+01:00  INFO 17592 --- [webSockets] [           main] o.s.m.s.b.SimpleBrokerMessageHandler     : Starting...
2025-11-10T15:29:35.993+01:00 DEBUG 17592 --- [webSockets] [           main] org.springframework.web.SimpLogging      : clientInboundChannel added SimpleBrokerMessageHandler [org.springframework.messaging.simp.broker.DefaultSubscriptionRegistry@13e6c544]
2025-11-10T15:29:35.993+01:00 DEBUG 17592 --- [webSockets] [           main] org.springframework.web.SimpLogging      : brokerChannel added SimpleBrokerMessageHandler [org.springframework.messaging.simp.broker.DefaultSubscriptionRegistry@13e6c544]
2025-11-10T15:29:35.994+01:00  INFO 17592 --- [webSockets] [           main] o.s.m.s.b.SimpleBrokerMessageHandler     : BrokerAvailabilityEvent[available=true, SimpleBrokerMessageHandler [org.springframework.messaging.simp.broker.DefaultSubscriptionRegistry@13e6c544]]
2025-11-10T15:29:35.995+01:00  INFO 17592 --- [webSockets] [           main] o.s.m.s.b.SimpleBrokerMessageHandler     : Started.
2025-11-10T15:29:35.995+01:00 DEBUG 17592 --- [webSockets] [           main] org.springframework.web.SimpLogging      : clientInboundChannel added UserDestinationMessageHandler[DefaultUserDestinationResolver[prefix=/user/]]
2025-11-10T15:29:35.995+01:00 DEBUG 17592 --- [webSockets] [           main] org.springframework.web.SimpLogging      : brokerChannel added UserDestinationMessageHandler[DefaultUserDestinationResolver[prefix=/user/]]
2025-11-10T15:29:36.001+01:00  INFO 17592 --- [webSockets] [           main] c.m.w.WebSocketsApplicationTests         : Started WebSocketsApplicationTests in 2.595 seconds (process running for 3.144)
]]></system-out>
    <system-err><![CDATA[Mockito is currently self-attaching to enable the inline-mock-maker. This will no longer work in future releases of the JDK. Please add Mockito as an agent to your build as described in Mockito's documentation: https://javadoc.io/doc/org.mockito/mockito-core/latest/org.mockito/org/mockito/Mockito.html#0.3
WARNING: A Java agent has been loaded dynamically (C:\Users\Khadeer\.m2\repository\net\bytebuddy\byte-buddy-agent\1.17.8\byte-buddy-agent-1.17.8.jar)
WARNING: If a serviceability tool is in use, please run with -XX:+EnableDynamicAgentLoading to hide this warning
WARNING: If a serviceability tool is not in use, please run with -Djdk.instrument.traceUsage for more information
WARNING: Dynamic loading of agents will be disallowed by default in a future release
]]></system-err>
  </testcase>
</testsuite>